#
# A fatal error has been detected by the Java Runtime Environment:
#
#  Internal Error (javaClasses.cpp:124), pid=1908, tid=1592
#  fatal error: Invalid layout of preloaded class
#
# JRE version:  (8.0-b132) (build )
# Java VM: Java HotSpot(TM) 64-Bit Server VM (25.0-b70 mixed mode windows-amd64 compressed oops)
# Failed to write core dump. Minidumps are not enabled by default on client versions of Windows
#
# If you would like to submit a bug report, please visit:
#   http://bugreport.sun.com/bugreport/crash.jsp
#

---------------  T H R E A D  ---------------

Current thread (0x00000000022a0800):  JavaThread "Unknown thread" [_thread_in_vm, id=1592, stack(0x0000000000a40000,0x0000000000b40000)]

Stack: [0x0000000000a40000,0x0000000000b40000]
Native frames: (J=compiled Java code, j=interpreted, Vv=VM code, C=native code)
V  [jvm.dll+0x308e0a]
V  [jvm.dll+0x25df11]
V  [jvm.dll+0x25eb2f]
V  [jvm.dll+0x256486]
V  [jvm.dll+0x5d36c]
V  [jvm.dll+0x5d463]
V  [jvm.dll+0x71d5a]
V  [jvm.dll+0x720b8]
V  [jvm.dll+0xe1637]
V  [jvm.dll+0xe19c6]
V  [jvm.dll+0x1f1407]
V  [jvm.dll+0x2227e4]
V  [jvm.dll+0x149f91]
C  [javaw.exe+0x208a]
C  [javaw.exe+0xc9db]
C  [javaw.exe+0xca6f]
C  [KERNEL32.DLL+0x1832]
C  [ntdll.dll+0x5d609]


---------------  P R O C E S S  ---------------

Java Threads: ( => current thread )

Other Threads:

=>0x00000000022a0800 (exited) JavaThread "Unknown thread" [_thread_in_vm, id=1592, stack(0x0000000000a40000,0x0000000000b40000)]

VM state:not at safepoint (not fully initialized)

VM Mutex/Monitor currently owned by a thread: None

GC Heap History (0 events):
No events

Deoptimization events (0 events):
No events

Internal exceptions (0 events):
No events

Events (10 events):
Event: 0.022 loading class java/lang/CharSequence done
Event: 0.023 loading class java/lang/String done
Event: 0.023 loading class java/lang/Class
Event: 0.023 loading class java/lang/reflect/AnnotatedElement
Event: 0.028 loading class java/lang/reflect/AnnotatedElement done
Event: 0.028 loading class java/lang/reflect/GenericDeclaration
Event: 0.028 loading class java/lang/reflect/GenericDeclaration done
Event: 0.028 loading class java/lang/reflect/Type
Event: 0.028 loading class java/lang/reflect/Type done
Event: 0.028 loading class java/lang/Class done


Dynamic libraries:
0x000007f6819a0000 - 0x000007f6819d4000 	C:\Program Files\Java\jre8\bin\javaw.exe
0x000007fbf73d0000 - 0x000007fbf7590000 	C:\Windows\SYSTEM32\ntdll.dll
0x000007fbf6030000 - 0x000007fbf6166000 	C:\Windows\system32\KERNEL32.DLL
0x000007fbf43a0000 - 0x000007fbf4493000 	C:\Windows\system32\KERNELBASE.dll
0x000007fbf6560000 - 0x000007fbf663e000 	C:\Windows\system32\ADVAPI32.dll
0x000007fbf6a30000 - 0x000007fbf6b7c000 	C:\Windows\system32\USER32.dll
0x000007fbf22d0000 - 0x000007fbf253a000 	C:\Windows\WinSxS\amd64_microsoft.windows.common-controls_6595b64144ccf1df_6.0.9200.16579_none_418ab7ef718b27ef\COMCTL32.dll
0x000007fbf62c0000 - 0x000007fbf6365000 	C:\Windows\system32\msvcrt.dll
0x000007fbf69e0000 - 0x000007fbf6a28000 	C:\Windows\SYSTEM32\sechost.dll
0x000007fbf6170000 - 0x000007fbf62b5000 	C:\Windows\system32\RPCRT4.dll
0x000007fbf70c0000 - 0x000007fbf7201000 	C:\Windows\system32\GDI32.dll
0x000007fbf4ac0000 - 0x000007fbf4af9000 	C:\Windows\system32\IMM32.DLL
0x000007fbf6ef0000 - 0x000007fbf7006000 	C:\Windows\system32\MSCTF.dll
0x0000000053a10000 - 0x0000000053ae2000 	C:\Program Files\Java\jre8\bin\msvcr100.dll
0x00000000531e0000 - 0x0000000053a0a000 	C:\Program Files\Java\jre8\bin\server\jvm.dll
0x000007fbeb0a0000 - 0x000007fbeb0a9000 	C:\Windows\SYSTEM32\WSOCK32.dll
0x000007fbedaf0000 - 0x000007fbedb10000 	C:\Windows\SYSTEM32\WINMM.dll
0x000007fbf4ab0000 - 0x000007fbf4ab7000 	C:\Windows\system32\PSAPI.DLL
0x000007fbf7370000 - 0x000007fbf73c8000 	C:\Windows\system32\WS2_32.dll
0x000007fbeda90000 - 0x000007fbedac3000 	C:\Windows\SYSTEM32\WINMMBASE.dll
0x000007fbf6b80000 - 0x000007fbf6b89000 	C:\Windows\system32\NSI.dll
0x000007fbf4350000 - 0x000007fbf439f000 	C:\Windows\SYSTEM32\cfgmgr32.dll
0x000007fbf4790000 - 0x000007fbf47b2000 	C:\Windows\system32\DEVOBJ.dll
0x0000000053ce0000 - 0x0000000053cef000 	C:\Program Files\Java\jre8\bin\verify.dll
0x00000000531b0000 - 0x00000000531d8000 	C:\Program Files\Java\jre8\bin\java.dll
0x0000000053160000 - 0x0000000053176000 	C:\Program Files\Java\jre8\bin\zip.dll
0x000007fbe92e0000 - 0x000007fbe9443000 	C:\Windows\SYSTEM32\dbghelp.dll

VM Arguments:
jvm_args: -Dfile.encoding=Cp1252 -Xbootclasspath:C:\Users\Shayan\Downloads\adt-bundle-windows-x86_64-20131030\adt-bundle-windows-x86_64-20131030\sdk\platforms\android-19\android.jar 
java_command: GolfMain
java_class_path (initial): C:\Users\Shayan\Dropbox\CS3714 Project\Golf\libs\android-support-v4.jar;C:\Users\Shayan\Dropbox\CS3714 Project\Golf\bin\classes
Launcher Type: SUN_STANDARD

Environment Variables:
JAVA_HOME=C:\Program Files\Java\jdk1.7.0_51\bin
PATH=C:\Windows\system32;C:\Windows;C:\Windows\System32\Wbem;C:\Windows\System32\WindowsPowerShell\v1.0\;C:\Program Files (x86)\Intel\OpenCL SDK\3.0\bin\x86;C:\Program Files (x86)\Intel\OpenCL SDK\3.0\bin\x64;C:\Program Files (x86)\PharosSystems\Core;C:\Program Files\Java\jdk1.7.0_51\bin;C:\Users\Shayan\Downloads\apache-ant-1.9.3\bin
USERNAME=Shayan
OS=Windows_NT
PROCESSOR_IDENTIFIER=Intel64 Family 6 Model 58 Stepping 9, GenuineIntel



---------------  S Y S T E M  ---------------

OS: Windows 8 , 64 bit Build 9200 

CPU:total 4 (2 cores per cpu, 2 threads per core) family 6 model 58 stepping 9, cmov, cx8, fxsr, mmx, sse, sse2, sse3, ssse3, sse4.1, sse4.2, popcnt, avx, aes, clmul, erms, ht, tsc, tscinvbit

Memory: 4k page, physical 8254308k(4283612k free), swap 16642916k(11369716k free)

vm_info: Java HotSpot(TM) 64-Bit Server VM (25.0-b70) for windows-amd64 JRE (1.8.0-b132), built on Mar  4 2014 03:46:18 by "java_re" with MS VC++ 10.0 (VS2010)

time: Thu Apr 03 15:15:45 2014
elapsed time: 0 seconds

